# JRE version: Java(TM) SE Runtime Environment (8.0_181-b13) (build 1.8.0_181-b13)
# Java VM: Java HotSpot(TM) 64-Bit Server VM (25.181-b13 mixed mode windows-amd64 compressed oops)
Heap:
 PSYoungGen      total 247296K, used 207394K [0x00000000e0000000, 0x00000000f2c80000, 0x0000000100000000)
  eden space 214016K, 91% used [0x00000000e0000000,0x00000000ebe88a80,0x00000000ed100000)
  from space 33280K, 36% used [0x00000000ed100000,0x00000000edd00050,0x00000000ef180000)
  to   space 32256K, 0% used [0x00000000f0d00000,0x00000000f0d00000,0x00000000f2c80000)
 ParOldGen       total 142336K, used 65849K [0x00000000a0000000, 0x00000000a8b00000, 0x00000000e0000000)
  object space 142336K, 46% used [0x00000000a0000000,0x00000000a404e758,0x00000000a8b00000)
 Metaspace       used 85679K, capacity 89340K, committed 89600K, reserved 1126400K
  class space    used 11767K, capacity 12460K, committed 12544K, reserved 1048576K
GC Heap History (10 events):
Event: 18.036 GC heap before
{Heap before GC invocations=16 (full 3):
 PSYoungGen      total 172032K, used 154112K [0x00000000e0000000, 0x00000000ec980000, 0x0000000100000000)
  eden space 154112K, 100% used [0x00000000e0000000,0x00000000e9680000,0x00000000e9680000)
  from space 17920K, 0% used [0x00000000eab80000,0x00000000eab80000,0x00000000ebd00000)
  to   space 21504K, 0% used [0x00000000e9680000,0x00000000e9680000,0x00000000eab80000)
 ParOldGen       total 142336K, used 36174K [0x00000000a0000000, 0x00000000a8b00000, 0x00000000e0000000)
  object space 142336K, 25% used [0x00000000a0000000,0x00000000a2353860,0x00000000a8b00000)
 Metaspace       used 63017K, capacity 65324K, committed 65536K, reserved 1105920K
  class space    used 8960K, capacity 9458K, committed 9472K, reserved 1048576K
Event: 18.053 GC heap after
Heap after GC invocations=16 (full 3):
 PSYoungGen      total 175616K, used 16328K [0x00000000e0000000, 0x00000000ee300000, 0x0000000100000000)
  eden space 154112K, 0% used [0x00000000e0000000,0x00000000e0000000,0x00000000e9680000)
  from space 21504K, 75% used [0x00000000e9680000,0x00000000ea6720c8,0x00000000eab80000)
  to   space 22528K, 0% used [0x00000000ecd00000,0x00000000ecd00000,0x00000000ee300000)
 ParOldGen       total 142336K, used 36246K [0x00000000a0000000, 0x00000000a8b00000, 0x00000000e0000000)
  object space 142336K, 25% used [0x00000000a0000000,0x00000000a2365870,0x00000000a8b00000)
 Metaspace       used 63017K, capacity 65324K, committed 65536K, reserved 1105920K
  class space    used 8960K, capacity 9458K, committed 9472K, reserved 1048576K
}
Event: 49.419 GC heap before
{Heap before GC invocations=17 (full 3):
 PSYoungGen      total 175616K, used 170440K [0x00000000e0000000, 0x00000000ee300000, 0x0000000100000000)
  eden space 154112K, 100% used [0x00000000e0000000,0x00000000e9680000,0x00000000e9680000)
  from space 21504K, 75% used [0x00000000e9680000,0x00000000ea6720c8,0x00000000eab80000)
  to   space 22528K, 0% used [0x00000000ecd00000,0x00000000ecd00000,0x00000000ee300000)
 ParOldGen       total 142336K, used 36246K [0x00000000a0000000, 0x00000000a8b00000, 0x00000000e0000000)
  object space 142336K, 25% used [0x00000000a0000000,0x00000000a2365870,0x00000000a8b00000)
 Metaspace       used 67823K, capacity 70282K, committed 70528K, reserved 1110016K
  class space    used 9524K, capacity 10059K, committed 10112K, reserved 1048576K
Event: 49.447 GC heap after
Heap after GC invocations=17 (full 3):
 PSYoungGen      total 204800K, used 22517K [0x00000000e0000000, 0x00000000ee700000, 0x0000000100000000)
  eden space 182272K, 0% used [0x00000000e0000000,0x00000000e0000000,0x00000000eb200000)
  from space 22528K, 99% used [0x00000000ecd00000,0x00000000ee2fd7c8,0x00000000ee300000)
  to   space 27136K, 0% used [0x00000000eb200000,0x00000000eb200000,0x00000000ecc80000)
 ParOldGen       total 142336K, used 39051K [0x00000000a0000000, 0x00000000a8b00000, 0x00000000e0000000)
  object space 142336K, 27% used [0x00000000a0000000,0x00000000a2622e10,0x00000000a8b00000)
 Metaspace       used 67823K, capacity 70282K, committed 70528K, reserved 1110016K
  class space    used 9524K, capacity 10059K, committed 10112K, reserved 1048576K
}
Event: 56.658 GC heap before
{Heap before GC invocations=18 (full 3):
 PSYoungGen      total 204800K, used 204789K [0x00000000e0000000, 0x00000000ee700000, 0x0000000100000000)
  eden space 182272K, 100% used [0x00000000e0000000,0x00000000eb200000,0x00000000eb200000)
  from space 22528K, 99% used [0x00000000ecd00000,0x00000000ee2fd7c8,0x00000000ee300000)
  to   space 27136K, 0% used [0x00000000eb200000,0x00000000eb200000,0x00000000ecc80000)
 ParOldGen       total 142336K, used 39051K [0x00000000a0000000, 0x00000000a8b00000, 0x00000000e0000000)
  object space 142336K, 27% used [0x00000000a0000000,0x00000000a2622e10,0x00000000a8b00000)
 Metaspace       used 76069K, capacity 78688K, committed 78976K, reserved 1118208K
  class space    used 10470K, capacity 11028K, committed 11136K, reserved 1048576K
Event: 56.714 GC heap after
Heap after GC invocations=18 (full 3):
 PSYoungGen      total 209408K, used 27112K [0x00000000e0000000, 0x00000000f1280000, 0x0000000100000000)
  eden space 182272K, 0% used [0x00000000e0000000,0x00000000e0000000,0x00000000eb200000)
  from space 27136K, 99% used [0x00000000eb200000,0x00000000ecc7a2e0,0x00000000ecc80000)
  to   space 33792K, 0% used [0x00000000ef180000,0x00000000ef180000,0x00000000f1280000)
 ParOldGen       total 142336K, used 47429K [0x00000000a0000000, 0x00000000a8b00000, 0x00000000e0000000)
  object space 142336K, 33% used [0x00000000a0000000,0x00000000a2e51670,0x00000000a8b00000)
 Metaspace       used 76069K, capacity 78688K, committed 78976K, reserved 1118208K
  class space    used 10470K, capacity 11028K, committed 11136K, reserved 1048576K
}
Event: 60.770 GC heap before
{Heap before GC invocations=19 (full 3):
 PSYoungGen      total 209408K, used 209384K [0x00000000e0000000, 0x00000000f1280000, 0x0000000100000000)
  eden space 182272K, 100% used [0x00000000e0000000,0x00000000eb200000,0x00000000eb200000)
  from space 27136K, 99% used [0x00000000eb200000,0x00000000ecc7a2e0,0x00000000ecc80000)
  to   space 33792K, 0% used [0x00000000ef180000,0x00000000ef180000,0x00000000f1280000)
 ParOldGen       total 142336K, used 47429K [0x00000000a0000000, 0x00000000a8b00000, 0x00000000e0000000)
  object space 142336K, 33% used [0x00000000a0000000,0x00000000a2e51670,0x00000000a8b00000)
 Metaspace       used 85143K, capacity 88798K, committed 89088K, reserved 1126400K
  class space    used 11739K, capacity 12447K, committed 12544K, reserved 1048576K
Event: 60.848 GC heap after
Heap after GC invocations=19 (full 3):
 PSYoungGen      total 247808K, used 18296K [0x00000000e0000000, 0x00000000f1680000, 0x0000000100000000)
  eden space 214016K, 0% used [0x00000000e0000000,0x00000000e0000000,0x00000000ed100000)
  from space 33792K, 54% used [0x00000000ef180000,0x00000000f035e0c0,0x00000000f1280000)
  to   space 33280K, 0% used [0x00000000ed100000,0x00000000ed100000,0x00000000ef180000)
 ParOldGen       total 142336K, used 65849K [0x00000000a0000000, 0x00000000a8b00000, 0x00000000e0000000)
  object space 142336K, 46% used [0x00000000a0000000,0x00000000a404e758,0x00000000a8b00000)
 Metaspace       used 85143K, capacity 88798K, committed 89088K, reserved 1126400K
  class space    used 11739K, capacity 12447K, committed 12544K, reserved 1048576K
}
Event: 62.286 GC heap before
{Heap before GC invocations=20 (full 3):
 PSYoungGen      total 247808K, used 232312K [0x00000000e0000000, 0x00000000f1680000, 0x0000000100000000)
  eden space 214016K, 100% used [0x00000000e0000000,0x00000000ed100000,0x00000000ed100000)
  from space 33792K, 54% used [0x00000000ef180000,0x00000000f035e0c0,0x00000000f1280000)
  to   space 33280K, 0% used [0x00000000ed100000,0x00000000ed100000,0x00000000ef180000)
 ParOldGen       total 142336K, used 65849K [0x00000000a0000000, 0x00000000a8b00000, 0x00000000e0000000)
  object space 142336K, 46% used [0x00000000a0000000,0x00000000a404e758,0x00000000a8b00000)
 Metaspace       used 85623K, capacity 89260K, committed 89344K, reserved 1126400K
  class space    used 11767K, capacity 12460K, committed 12544K, reserved 1048576K
Event: 62.308 GC heap after
Heap after GC invocations=20 (full 3):
 PSYoungGen      total 247296K, used 12288K [0x00000000e0000000, 0x00000000f2c80000, 0x0000000100000000)
  eden space 214016K, 0% used [0x00000000e0000000,0x00000000e0000000,0x00000000ed100000)
  from space 33280K, 36% used [0x00000000ed100000,0x00000000edd00050,0x00000000ef180000)
  to   space 32256K, 0% used [0x00000000f0d00000,0x00000000f0d00000,0x00000000f2c80000)
 ParOldGen       total 142336K, used 65849K [0x00000000a0000000, 0x00000000a8b00000, 0x00000000e0000000)
  object space 142336K, 46% used [0x00000000a0000000,0x00000000a404e758,0x00000000a8b00000)
 Metaspace       used 85623K, capacity 89260K, committed 89344K, reserved 1126400K
  class space    used 11767K, capacity 12460K, committed 12544K, reserved 1048576K
}

