# JRE version: Java(TM) SE Runtime Environment (8.0_181-b13) (build 1.8.0_181-b13)
# Java VM: Java HotSpot(TM) 64-Bit Server VM (25.181-b13 mixed mode windows-amd64 compressed oops)
Heap:
 PSYoungGen      total 263168K, used 177148K [0x00000000e0000000, 0x00000000f3300000, 0x0000000100000000)
  eden space 229376K, 70% used [0x00000000e0000000,0x00000000e9d95560,0x00000000ee000000)
  from space 33792K, 46% used [0x00000000f1200000,0x00000000f2169b68,0x00000000f3300000)
  to   space 42496K, 0% used [0x00000000ee000000,0x00000000ee000000,0x00000000f0980000)
 ParOldGen       total 132096K, used 95063K [0x00000000a0000000, 0x00000000a8100000, 0x00000000e0000000)
  object space 132096K, 71% used [0x00000000a0000000,0x00000000a5cd5dd8,0x00000000a8100000)
 Metaspace       used 89969K, capacity 93868K, committed 93952K, reserved 1130496K
  class space    used 12285K, capacity 13053K, committed 13056K, reserved 1048576K
GC Heap History (10 events):
Event: 19.231 GC heap before
{Heap before GC invocations=15 (full 3):
 PSYoungGen      total 198144K, used 5392K [0x00000000e0000000, 0x00000000edc00000, 0x0000000100000000)
  eden space 179200K, 0% used [0x00000000e0000000,0x00000000e0000000,0x00000000eaf00000)
  from space 18944K, 28% used [0x00000000ec180000,0x00000000ec6c4128,0x00000000ed400000)
  to   space 18944K, 0% used [0x00000000eaf00000,0x00000000eaf00000,0x00000000ec180000)
 ParOldGen       total 84480K, used 36382K [0x00000000a0000000, 0x00000000a5280000, 0x00000000e0000000)
  object space 84480K, 43% used [0x00000000a0000000,0x00000000a2387b60,0x00000000a5280000)
 Metaspace       used 57185K, capacity 58874K, committed 59008K, reserved 1099776K
  class space    used 8073K, capacity 8491K, committed 8576K, reserved 1048576K
Event: 19.717 GC heap after
Heap after GC invocations=15 (full 3):
 PSYoungGen      total 198144K, used 0K [0x00000000e0000000, 0x00000000edc00000, 0x0000000100000000)
  eden space 179200K, 0% used [0x00000000e0000000,0x00000000e0000000,0x00000000eaf00000)
  from space 18944K, 0% used [0x00000000ec180000,0x00000000ec180000,0x00000000ed400000)
  to   space 18944K, 0% used [0x00000000eaf00000,0x00000000eaf00000,0x00000000ec180000)
 ParOldGen       total 132096K, used 35300K [0x00000000a0000000, 0x00000000a8100000, 0x00000000e0000000)
  object space 132096K, 26% used [0x00000000a0000000,0x00000000a2279338,0x00000000a8100000)
 Metaspace       used 57185K, capacity 58874K, committed 59008K, reserved 1099776K
  class space    used 8073K, capacity 8491K, committed 8576K, reserved 1048576K
}
Event: 28.359 GC heap before
{Heap before GC invocations=16 (full 3):
 PSYoungGen      total 198144K, used 179200K [0x00000000e0000000, 0x00000000edc00000, 0x0000000100000000)
  eden space 179200K, 100% used [0x00000000e0000000,0x00000000eaf00000,0x00000000eaf00000)
  from space 18944K, 0% used [0x00000000ec180000,0x00000000ec180000,0x00000000ed400000)
  to   space 18944K, 0% used [0x00000000eaf00000,0x00000000eaf00000,0x00000000ec180000)
 ParOldGen       total 132096K, used 35300K [0x00000000a0000000, 0x00000000a8100000, 0x00000000e0000000)
  object space 132096K, 26% used [0x00000000a0000000,0x00000000a2279338,0x00000000a8100000)
 Metaspace       used 62463K, capacity 64620K, committed 64896K, reserved 1105920K
  class space    used 8846K, capacity 9316K, committed 9344K, reserved 1048576K
Event: 28.383 GC heap after
Heap after GC invocations=16 (full 3):
 PSYoungGen      total 198144K, used 17325K [0x00000000e0000000, 0x00000000ef780000, 0x0000000100000000)
  eden space 179200K, 0% used [0x00000000e0000000,0x00000000e0000000,0x00000000eaf00000)
  from space 18944K, 91% used [0x00000000eaf00000,0x00000000ebfeb750,0x00000000ec180000)
  to   space 20992K, 0% used [0x00000000ee300000,0x00000000ee300000,0x00000000ef780000)
 ParOldGen       total 132096K, used 35372K [0x00000000a0000000, 0x00000000a8100000, 0x00000000e0000000)
  object space 132096K, 26% used [0x00000000a0000000,0x00000000a228b348,0x00000000a8100000)
 Metaspace       used 62463K, capacity 64620K, committed 64896K, reserved 1105920K
  class space    used 8846K, capacity 9316K, committed 9344K, reserved 1048576K
}
Event: 125.597 GC heap before
{Heap before GC invocations=17 (full 3):
 PSYoungGen      total 198144K, used 196525K [0x00000000e0000000, 0x00000000ef780000, 0x0000000100000000)
  eden space 179200K, 100% used [0x00000000e0000000,0x00000000eaf00000,0x00000000eaf00000)
  from space 18944K, 91% used [0x00000000eaf00000,0x00000000ebfeb750,0x00000000ec180000)
  to   space 20992K, 0% used [0x00000000ee300000,0x00000000ee300000,0x00000000ef780000)
 ParOldGen       total 132096K, used 35372K [0x00000000a0000000, 0x00000000a8100000, 0x00000000e0000000)
  object space 132096K, 26% used [0x00000000a0000000,0x00000000a228b348,0x00000000a8100000)
 Metaspace       used 68885K, capacity 71338K, committed 71424K, reserved 1110016K
  class space    used 9629K, capacity 10169K, committed 10240K, reserved 1048576K
Event: 125.627 GC heap after
Heap after GC invocations=17 (full 3):
 PSYoungGen      total 225792K, used 20988K [0x00000000e0000000, 0x00000000efe80000, 0x0000000100000000)
  eden space 204800K, 0% used [0x00000000e0000000,0x00000000e0000000,0x00000000ec800000)
  from space 20992K, 99% used [0x00000000ee300000,0x00000000ef77f090,0x00000000ef780000)
  to   space 27648K, 0% used [0x00000000ec800000,0x00000000ec800000,0x00000000ee300000)
 ParOldGen       total 132096K, used 45577K [0x00000000a0000000, 0x00000000a8100000, 0x00000000e0000000)
  object space 132096K, 34% used [0x00000000a0000000,0x00000000a2c82730,0x00000000a8100000)
 Metaspace       used 68885K, capacity 71338K, committed 71424K, reserved 1110016K
  class space    used 9629K, capacity 10169K, committed 10240K, reserved 1048576K
}
Event: 134.555 GC heap before
{Heap before GC invocations=18 (full 3):
 PSYoungGen      total 225792K, used 225788K [0x00000000e0000000, 0x00000000efe80000, 0x0000000100000000)
  eden space 204800K, 100% used [0x00000000e0000000,0x00000000ec800000,0x00000000ec800000)
  from space 20992K, 99% used [0x00000000ee300000,0x00000000ef77f090,0x00000000ef780000)
  to   space 27648K, 0% used [0x00000000ec800000,0x00000000ec800000,0x00000000ee300000)
 ParOldGen       total 132096K, used 45577K [0x00000000a0000000, 0x00000000a8100000, 0x00000000e0000000)
  object space 132096K, 34% used [0x00000000a0000000,0x00000000a2c82730,0x00000000a8100000)
 Metaspace       used 82255K, capacity 85620K, committed 85760K, reserved 1122304K
  class space    used 11491K, capacity 12168K, committed 12288K, reserved 1048576K
Event: 134.632 GC heap after
Heap after GC invocations=18 (full 3):
 PSYoungGen      total 232448K, used 27639K [0x00000000e0000000, 0x00000000f3e00000, 0x0000000100000000)
  eden space 204800K, 0% used [0x00000000e0000000,0x00000000e0000000,0x00000000ec800000)
  from space 27648K, 99% used [0x00000000ec800000,0x00000000ee2fdd50,0x00000000ee300000)
  to   space 45056K, 0% used [0x00000000f1200000,0x00000000f1200000,0x00000000f3e00000)
 ParOldGen       total 132096K, used 81011K [0x00000000a0000000, 0x00000000a8100000, 0x00000000e0000000)
  object space 132096K, 61% used [0x00000000a0000000,0x00000000a4f1ce18,0x00000000a8100000)
 Metaspace       used 82255K, capacity 85620K, committed 85760K, reserved 1122304K
  class space    used 11491K, capacity 12168K, committed 12288K, reserved 1048576K
}
Event: 350.618 GC heap before
{Heap before GC invocations=19 (full 3):
 PSYoungGen      total 232448K, used 232439K [0x00000000e0000000, 0x00000000f3e00000, 0x0000000100000000)
  eden space 204800K, 100% used [0x00000000e0000000,0x00000000ec800000,0x00000000ec800000)
  from space 27648K, 99% used [0x00000000ec800000,0x00000000ee2fdd50,0x00000000ee300000)
  to   space 45056K, 0% used [0x00000000f1200000,0x00000000f1200000,0x00000000f3e00000)
 ParOldGen       total 132096K, used 81011K [0x00000000a0000000, 0x00000000a8100000, 0x00000000e0000000)
  object space 132096K, 61% used [0x00000000a0000000,0x00000000a4f1ce18,0x00000000a8100000)
 Metaspace       used 89131K, capacity 92954K, committed 93184K, reserved 1130496K
  class space    used 12249K, capacity 12997K, committed 13056K, reserved 1048576K
Event: 350.655 GC heap after
Heap after GC invocations=19 (full 3):
 PSYoungGen      total 263168K, used 15782K [0x00000000e0000000, 0x00000000f3300000, 0x0000000100000000)
  eden space 229376K, 0% used [0x00000000e0000000,0x00000000e0000000,0x00000000ee000000)
  from space 33792K, 46% used [0x00000000f1200000,0x00000000f2169b68,0x00000000f3300000)
  to   space 42496K, 0% used [0x00000000ee000000,0x00000000ee000000,0x00000000f0980000)
 ParOldGen       total 132096K, used 95063K [0x00000000a0000000, 0x00000000a8100000, 0x00000000e0000000)
  object space 132096K, 71% used [0x00000000a0000000,0x00000000a5cd5dd8,0x00000000a8100000)
 Metaspace       used 89131K, capacity 92954K, committed 93184K, reserved 1130496K
  class space    used 12249K, capacity 12997K, committed 13056K, reserved 1048576K
}

