# JRE version: Java(TM) SE Runtime Environment (8.0_181-b13) (build 1.8.0_181-b13)
# Java VM: Java HotSpot(TM) 64-Bit Server VM (25.181-b13 mixed mode windows-amd64 compressed oops)
Heap:
 PSYoungGen      total 101376K, used 18340K [0x00000000e0000000, 0x00000000e8880000, 0x0000000100000000)
  eden space 90112K, 7% used [0x00000000e0000000,0x00000000e06ebab0,0x00000000e5800000)
  from space 11264K, 99% used [0x00000000e5800000,0x00000000e62fd6e0,0x00000000e6300000)
  to   space 13312K, 0% used [0x00000000e7b80000,0x00000000e7b80000,0x00000000e8880000)
 ParOldGen       total 93696K, used 18153K [0x00000000a0000000, 0x00000000a5b80000, 0x00000000e0000000)
  object space 93696K, 19% used [0x00000000a0000000,0x00000000a11ba5d8,0x00000000a5b80000)
 Metaspace       used 48384K, capacity 49774K, committed 50048K, reserved 1091584K
  class space    used 6682K, capacity 7010K, committed 7040K, reserved 1048576K
GC Heap History (10 events):
Event: 11.776 GC heap before
{Heap before GC invocations=11 (full 1):
 PSYoungGen      total 59904K, used 56433K [0x00000000e0000000, 0x00000000e5680000, 0x0000000100000000)
  eden space 49152K, 100% used [0x00000000e0000000,0x00000000e3000000,0x00000000e3000000)
  from space 10752K, 67% used [0x00000000e3000000,0x00000000e371c6f8,0x00000000e3a80000)
  to   space 10752K, 0% used [0x00000000e4c00000,0x00000000e4c00000,0x00000000e5680000)
 ParOldGen       total 62464K, used 9683K [0x00000000a0000000, 0x00000000a3d00000, 0x00000000e0000000)
  object space 62464K, 15% used [0x00000000a0000000,0x00000000a0974d50,0x00000000a3d00000)
 Metaspace       used 33538K, capacity 34266K, committed 34432K, reserved 1079296K
  class space    used 4715K, capacity 4942K, committed 4992K, reserved 1048576K
Event: 11.784 GC heap after
Heap after GC invocations=11 (full 1):
 PSYoungGen      total 77824K, used 4888K [0x00000000e0000000, 0x00000000e5600000, 0x0000000100000000)
  eden space 67584K, 0% used [0x00000000e0000000,0x00000000e0000000,0x00000000e4200000)
  from space 10240K, 47% used [0x00000000e4c00000,0x00000000e50c63d8,0x00000000e5600000)
  to   space 10240K, 0% used [0x00000000e4200000,0x00000000e4200000,0x00000000e4c00000)
 ParOldGen       total 62464K, used 13303K [0x00000000a0000000, 0x00000000a3d00000, 0x00000000e0000000)
  object space 62464K, 21% used [0x00000000a0000000,0x00000000a0cfdd80,0x00000000a3d00000)
 Metaspace       used 33538K, capacity 34266K, committed 34432K, reserved 1079296K
  class space    used 4715K, capacity 4942K, committed 4992K, reserved 1048576K
}
Event: 12.578 GC heap before
{Heap before GC invocations=12 (full 1):
 PSYoungGen      total 77824K, used 37121K [0x00000000e0000000, 0x00000000e5600000, 0x0000000100000000)
  eden space 67584K, 47% used [0x00000000e0000000,0x00000000e1f7a3f0,0x00000000e4200000)
  from space 10240K, 47% used [0x00000000e4c00000,0x00000000e50c63d8,0x00000000e5600000)
  to   space 10240K, 0% used [0x00000000e4200000,0x00000000e4200000,0x00000000e4c00000)
 ParOldGen       total 62464K, used 13303K [0x00000000a0000000, 0x00000000a3d00000, 0x00000000e0000000)
  object space 62464K, 21% used [0x00000000a0000000,0x00000000a0cfdd80,0x00000000a3d00000)
 Metaspace       used 34565K, capacity 35354K, committed 35416K, reserved 1079296K
  class space    used 4854K, capacity 5058K, committed 5120K, reserved 1048576K
Event: 12.587 GC heap after
Heap after GC invocations=12 (full 1):
 PSYoungGen      total 77824K, used 3057K [0x00000000e0000000, 0x00000000e6f80000, 0x0000000100000000)
  eden space 67584K, 0% used [0x00000000e0000000,0x00000000e0000000,0x00000000e4200000)
  from space 10240K, 29% used [0x00000000e4200000,0x00000000e44fc6d8,0x00000000e4c00000)
  to   space 10752K, 0% used [0x00000000e6500000,0x00000000e6500000,0x00000000e6f80000)
 ParOldGen       total 62464K, used 15678K [0x00000000a0000000, 0x00000000a3d00000, 0x00000000e0000000)
  object space 62464K, 25% used [0x00000000a0000000,0x00000000a0f4f980,0x00000000a3d00000)
 Metaspace       used 34565K, capacity 35354K, committed 35416K, reserved 1079296K
  class space    used 4854K, capacity 5058K, committed 5120K, reserved 1048576K
}
Event: 12.587 GC heap before
{Heap before GC invocations=13 (full 2):
 PSYoungGen      total 77824K, used 3057K [0x00000000e0000000, 0x00000000e6f80000, 0x0000000100000000)
  eden space 67584K, 0% used [0x00000000e0000000,0x00000000e0000000,0x00000000e4200000)
  from space 10240K, 29% used [0x00000000e4200000,0x00000000e44fc6d8,0x00000000e4c00000)
  to   space 10752K, 0% used [0x00000000e6500000,0x00000000e6500000,0x00000000e6f80000)
 ParOldGen       total 62464K, used 15678K [0x00000000a0000000, 0x00000000a3d00000, 0x00000000e0000000)
  object space 62464K, 25% used [0x00000000a0000000,0x00000000a0f4f980,0x00000000a3d00000)
 Metaspace       used 34565K, capacity 35354K, committed 35416K, reserved 1079296K
  class space    used 4854K, capacity 5058K, committed 5120K, reserved 1048576K
Event: 12.651 GC heap after
Heap after GC invocations=13 (full 2):
 PSYoungGen      total 77824K, used 0K [0x00000000e0000000, 0x00000000e6f80000, 0x0000000100000000)
  eden space 67584K, 0% used [0x00000000e0000000,0x00000000e0000000,0x00000000e4200000)
  from space 10240K, 0% used [0x00000000e4200000,0x00000000e4200000,0x00000000e4c00000)
  to   space 10752K, 0% used [0x00000000e6500000,0x00000000e6500000,0x00000000e6f80000)
 ParOldGen       total 93696K, used 16142K [0x00000000a0000000, 0x00000000a5b80000, 0x00000000e0000000)
  object space 93696K, 17% used [0x00000000a0000000,0x00000000a0fc3a30,0x00000000a5b80000)
 Metaspace       used 34552K, capacity 35312K, committed 35416K, reserved 1079296K
  class space    used 4850K, capacity 5051K, committed 5120K, reserved 1048576K
}
Event: 14.499 GC heap before
{Heap before GC invocations=14 (full 2):
 PSYoungGen      total 77824K, used 67308K [0x00000000e0000000, 0x00000000e6f80000, 0x0000000100000000)
  eden space 67584K, 99% used [0x00000000e0000000,0x00000000e41bb1f0,0x00000000e4200000)
  from space 10240K, 0% used [0x00000000e4200000,0x00000000e4200000,0x00000000e4c00000)
  to   space 10752K, 0% used [0x00000000e6500000,0x00000000e6500000,0x00000000e6f80000)
 ParOldGen       total 93696K, used 16142K [0x00000000a0000000, 0x00000000a5b80000, 0x00000000e0000000)
  object space 93696K, 17% used [0x00000000a0000000,0x00000000a0fc3a30,0x00000000a5b80000)
 Metaspace       used 42923K, capacity 44026K, committed 44416K, reserved 1087488K
  class space    used 5930K, capacity 6183K, committed 6272K, reserved 1048576K
Event: 14.510 GC heap after
Heap after GC invocations=14 (full 2):
 PSYoungGen      total 95744K, used 8952K [0x00000000e0000000, 0x00000000e6e00000, 0x0000000100000000)
  eden space 86528K, 0% used [0x00000000e0000000,0x00000000e0000000,0x00000000e5480000)
  from space 9216K, 97% used [0x00000000e6500000,0x00000000e6dbe2a0,0x00000000e6e00000)
  to   space 11264K, 0% used [0x00000000e5800000,0x00000000e5800000,0x00000000e6300000)
 ParOldGen       total 93696K, used 16150K [0x00000000a0000000, 0x00000000a5b80000, 0x00000000e0000000)
  object space 93696K, 17% used [0x00000000a0000000,0x00000000a0fc5a30,0x00000000a5b80000)
 Metaspace       used 42923K, capacity 44026K, committed 44416K, reserved 1087488K
  class space    used 5930K, capacity 6183K, committed 6272K, reserved 1048576K
}
Event: 15.466 GC heap before
{Heap before GC invocations=15 (full 2):
 PSYoungGen      total 95744K, used 95480K [0x00000000e0000000, 0x00000000e6e00000, 0x0000000100000000)
  eden space 86528K, 100% used [0x00000000e0000000,0x00000000e5480000,0x00000000e5480000)
  from space 9216K, 97% used [0x00000000e6500000,0x00000000e6dbe2a0,0x00000000e6e00000)
  to   space 11264K, 0% used [0x00000000e5800000,0x00000000e5800000,0x00000000e6300000)
 ParOldGen       total 93696K, used 16150K [0x00000000a0000000, 0x00000000a5b80000, 0x00000000e0000000)
  object space 93696K, 17% used [0x00000000a0000000,0x00000000a0fc5a30,0x00000000a5b80000)
 Metaspace       used 47790K, capacity 49102K, committed 49408K, reserved 1091584K
  class space    used 6590K, capacity 6896K, committed 6912K, reserved 1048576K
Event: 15.486 GC heap after
Heap after GC invocations=15 (full 2):
 PSYoungGen      total 101376K, used 11253K [0x00000000e0000000, 0x00000000e8880000, 0x0000000100000000)
  eden space 90112K, 0% used [0x00000000e0000000,0x00000000e0000000,0x00000000e5800000)
  from space 11264K, 99% used [0x00000000e5800000,0x00000000e62fd6e0,0x00000000e6300000)
  to   space 13312K, 0% used [0x00000000e7b80000,0x00000000e7b80000,0x00000000e8880000)
 ParOldGen       total 93696K, used 18153K [0x00000000a0000000, 0x00000000a5b80000, 0x00000000e0000000)
  object space 93696K, 19% used [0x00000000a0000000,0x00000000a11ba5d8,0x00000000a5b80000)
 Metaspace       used 47790K, capacity 49102K, committed 49408K, reserved 1091584K
  class space    used 6590K, capacity 6896K, committed 6912K, reserved 1048576K
}

