# JRE version: Java(TM) SE Runtime Environment (8.0_181-b13) (build 1.8.0_181-b13)
# Java VM: Java HotSpot(TM) 64-Bit Server VM (25.181-b13 mixed mode windows-amd64 compressed oops)
Heap:
 PSYoungGen      total 116224K, used 7613K [0x00000000e0000000, 0x00000000ea500000, 0x0000000100000000)
  eden space 104448K, 7% used [0x00000000e0000000,0x00000000e076f6d0,0x00000000e6600000)
  from space 11776K, 0% used [0x00000000e6600000,0x00000000e6600000,0x00000000e7180000)
  to   space 12800K, 0% used [0x00000000e9880000,0x00000000e9880000,0x00000000ea500000)
 ParOldGen       total 95232K, used 17508K [0x00000000a0000000, 0x00000000a5d00000, 0x00000000e0000000)
  object space 95232K, 18% used [0x00000000a0000000,0x00000000a1119240,0x00000000a5d00000)
 Metaspace       used 34976K, capacity 35842K, committed 35968K, reserved 1079296K
  class space    used 4918K, capacity 5134K, committed 5248K, reserved 1048576K
GC Heap History (10 events):
Event: 4.476 GC heap before
{Heap before GC invocations=7 (full 1):
 PSYoungGen      total 75776K, used 8791K [0x00000000e0000000, 0x00000000e5600000, 0x0000000100000000)
  eden space 65024K, 0% used [0x00000000e0000000,0x00000000e0000000,0x00000000e3f80000)
  from space 10752K, 81% used [0x00000000e4a80000,0x00000000e5315ec8,0x00000000e5500000)
  to   space 11264K, 0% used [0x00000000e3f80000,0x00000000e3f80000,0x00000000e4a80000)
 ParOldGen       total 86016K, used 7723K [0x00000000a0000000, 0x00000000a5400000, 0x00000000e0000000)
  object space 86016K, 8% used [0x00000000a0000000,0x00000000a078aeb8,0x00000000a5400000)
 Metaspace       used 20529K, capacity 21086K, committed 21248K, reserved 1067008K
  class space    used 3028K, capacity 3229K, committed 3328K, reserved 1048576K
Event: 4.523 GC heap after
Heap after GC invocations=7 (full 1):
 PSYoungGen      total 75776K, used 0K [0x00000000e0000000, 0x00000000e5600000, 0x0000000100000000)
  eden space 65024K, 0% used [0x00000000e0000000,0x00000000e0000000,0x00000000e3f80000)
  from space 10752K, 0% used [0x00000000e4a80000,0x00000000e4a80000,0x00000000e5500000)
  to   space 11264K, 0% used [0x00000000e3f80000,0x00000000e3f80000,0x00000000e4a80000)
 ParOldGen       total 59904K, used 9620K [0x00000000a0000000, 0x00000000a3a80000, 0x00000000e0000000)
  object space 59904K, 16% used [0x00000000a0000000,0x00000000a0965198,0x00000000a3a80000)
 Metaspace       used 20529K, capacity 21086K, committed 21248K, reserved 1067008K
  class space    used 3028K, capacity 3229K, committed 3328K, reserved 1048576K
}
Event: 5.795 GC heap before
{Heap before GC invocations=8 (full 1):
 PSYoungGen      total 75776K, used 65024K [0x00000000e0000000, 0x00000000e5600000, 0x0000000100000000)
  eden space 65024K, 100% used [0x00000000e0000000,0x00000000e3f80000,0x00000000e3f80000)
  from space 10752K, 0% used [0x00000000e4a80000,0x00000000e4a80000,0x00000000e5500000)
  to   space 11264K, 0% used [0x00000000e3f80000,0x00000000e3f80000,0x00000000e4a80000)
 ParOldGen       total 59904K, used 9620K [0x00000000a0000000, 0x00000000a3a80000, 0x00000000e0000000)
  object space 59904K, 16% used [0x00000000a0000000,0x00000000a0965198,0x00000000a3a80000)
 Metaspace       used 29115K, capacity 29730K, committed 29952K, reserved 1075200K
  class space    used 4016K, capacity 4229K, committed 4352K, reserved 1048576K
Event: 5.813 GC heap after
Heap after GC invocations=8 (full 1):
 PSYoungGen      total 76288K, used 8293K [0x00000000e0000000, 0x00000000e7d00000, 0x0000000100000000)
  eden space 65024K, 0% used [0x00000000e0000000,0x00000000e0000000,0x00000000e3f80000)
  from space 11264K, 73% used [0x00000000e3f80000,0x00000000e4799588,0x00000000e4a80000)
  to   space 11776K, 0% used [0x00000000e7180000,0x00000000e7180000,0x00000000e7d00000)
 ParOldGen       total 59904K, used 9628K [0x00000000a0000000, 0x00000000a3a80000, 0x00000000e0000000)
  object space 59904K, 16% used [0x00000000a0000000,0x00000000a0967198,0x00000000a3a80000)
 Metaspace       used 29115K, capacity 29730K, committed 29952K, reserved 1075200K
  class space    used 4016K, capacity 4229K, committed 4352K, reserved 1048576K
}
Event: 6.447 GC heap before
{Heap before GC invocations=9 (full 1):
 PSYoungGen      total 76288K, used 73317K [0x00000000e0000000, 0x00000000e7d00000, 0x0000000100000000)
  eden space 65024K, 100% used [0x00000000e0000000,0x00000000e3f80000,0x00000000e3f80000)
  from space 11264K, 73% used [0x00000000e3f80000,0x00000000e4799588,0x00000000e4a80000)
  to   space 11776K, 0% used [0x00000000e7180000,0x00000000e7180000,0x00000000e7d00000)
 ParOldGen       total 59904K, used 9628K [0x00000000a0000000, 0x00000000a3a80000, 0x00000000e0000000)
  object space 59904K, 16% used [0x00000000a0000000,0x00000000a0967198,0x00000000a3a80000)
 Metaspace       used 31961K, capacity 32576K, committed 32896K, reserved 1077248K
  class space    used 4491K, capacity 4687K, committed 4736K, reserved 1048576K
Event: 6.464 GC heap after
Heap after GC invocations=9 (full 1):
 PSYoungGen      total 116224K, used 8348K [0x00000000e0000000, 0x00000000e7f00000, 0x0000000100000000)
  eden space 104448K, 0% used [0x00000000e0000000,0x00000000e0000000,0x00000000e6600000)
  from space 11776K, 70% used [0x00000000e7180000,0x00000000e79a71f8,0x00000000e7d00000)
  to   space 11776K, 0% used [0x00000000e6600000,0x00000000e6600000,0x00000000e7180000)
 ParOldGen       total 59904K, used 9636K [0x00000000a0000000, 0x00000000a3a80000, 0x00000000e0000000)
  object space 59904K, 16% used [0x00000000a0000000,0x00000000a0969198,0x00000000a3a80000)
 Metaspace       used 31961K, capacity 32576K, committed 32896K, reserved 1077248K
  class space    used 4491K, capacity 4687K, committed 4736K, reserved 1048576K
}
Event: 8.106 GC heap before
{Heap before GC invocations=10 (full 1):
 PSYoungGen      total 116224K, used 74025K [0x00000000e0000000, 0x00000000e7f00000, 0x0000000100000000)
  eden space 104448K, 62% used [0x00000000e0000000,0x00000000e4023408,0x00000000e6600000)
  from space 11776K, 70% used [0x00000000e7180000,0x00000000e79a71f8,0x00000000e7d00000)
  to   space 11776K, 0% used [0x00000000e6600000,0x00000000e6600000,0x00000000e7180000)
 ParOldGen       total 59904K, used 9636K [0x00000000a0000000, 0x00000000a3a80000, 0x00000000e0000000)
  object space 59904K, 16% used [0x00000000a0000000,0x00000000a0969198,0x00000000a3a80000)
 Metaspace       used 34595K, capacity 35354K, committed 35416K, reserved 1079296K
  class space    used 4851K, capacity 5058K, committed 5120K, reserved 1048576K
Event: 8.123 GC heap after
Heap after GC invocations=10 (full 1):
 PSYoungGen      total 116224K, used 10536K [0x00000000e0000000, 0x00000000ea500000, 0x0000000100000000)
  eden space 104448K, 0% used [0x00000000e0000000,0x00000000e0000000,0x00000000e6600000)
  from space 11776K, 89% used [0x00000000e6600000,0x00000000e704a148,0x00000000e7180000)
  to   space 12800K, 0% used [0x00000000e9880000,0x00000000e9880000,0x00000000ea500000)
 ParOldGen       total 59904K, used 9644K [0x00000000a0000000, 0x00000000a3a80000, 0x00000000e0000000)
  object space 59904K, 16% used [0x00000000a0000000,0x00000000a096b198,0x00000000a3a80000)
 Metaspace       used 34595K, capacity 35354K, committed 35416K, reserved 1079296K
  class space    used 4851K, capacity 5058K, committed 5120K, reserved 1048576K
}
Event: 8.123 GC heap before
{Heap before GC invocations=11 (full 2):
 PSYoungGen      total 116224K, used 10536K [0x00000000e0000000, 0x00000000ea500000, 0x0000000100000000)
  eden space 104448K, 0% used [0x00000000e0000000,0x00000000e0000000,0x00000000e6600000)
  from space 11776K, 89% used [0x00000000e6600000,0x00000000e704a148,0x00000000e7180000)
  to   space 12800K, 0% used [0x00000000e9880000,0x00000000e9880000,0x00000000ea500000)
 ParOldGen       total 59904K, used 9644K [0x00000000a0000000, 0x00000000a3a80000, 0x00000000e0000000)
  object space 59904K, 16% used [0x00000000a0000000,0x00000000a096b198,0x00000000a3a80000)
 Metaspace       used 34595K, capacity 35354K, committed 35416K, reserved 1079296K
  class space    used 4851K, capacity 5058K, committed 5120K, reserved 1048576K
Event: 8.280 GC heap after
Heap after GC invocations=11 (full 2):
 PSYoungGen      total 116224K, used 0K [0x00000000e0000000, 0x00000000ea500000, 0x0000000100000000)
  eden space 104448K, 0% used [0x00000000e0000000,0x00000000e0000000,0x00000000e6600000)
  from space 11776K, 0% used [0x00000000e6600000,0x00000000e6600000,0x00000000e7180000)
  to   space 12800K, 0% used [0x00000000e9880000,0x00000000e9880000,0x00000000ea500000)
 ParOldGen       total 95232K, used 17508K [0x00000000a0000000, 0x00000000a5d00000, 0x00000000e0000000)
  object space 95232K, 18% used [0x00000000a0000000,0x00000000a1119240,0x00000000a5d00000)
 Metaspace       used 34583K, capacity 35312K, committed 35416K, reserved 1079296K
  class space    used 4847K, capacity 5051K, committed 5120K, reserved 1048576K
}

