# JRE version: Java(TM) SE Runtime Environment (8.0_181-b13) (build 1.8.0_181-b13)
# Java VM: Java HotSpot(TM) 64-Bit Server VM (25.181-b13 mixed mode windows-amd64 compressed oops)
Heap:
 PSYoungGen      total 191488K, used 170825K [0x00000000e0000000, 0x00000000ede80000, 0x0000000100000000)
  eden space 172544K, 89% used [0x00000000e0000000,0x00000000e963c7e8,0x00000000ea880000)
  from space 18944K, 89% used [0x00000000ea880000,0x00000000eb915ed8,0x00000000ebb00000)
  to   space 18944K, 0% used [0x00000000ebb00000,0x00000000ebb00000,0x00000000ecd80000)
 ParOldGen       total 87552K, used 35664K [0x00000000a0000000, 0x00000000a5580000, 0x00000000e0000000)
  object space 87552K, 40% used [0x00000000a0000000,0x00000000a22d4098,0x00000000a5580000)
 Metaspace       used 69944K, capacity 72346K, committed 72576K, reserved 1112064K
  class space    used 9765K, capacity 10309K, committed 10368K, reserved 1048576K
GC Heap History (10 events):
Event: 8.906 GC heap before
{Heap before GC invocations=12 (full 2):
 PSYoungGen      total 118784K, used 107008K [0x00000000e0000000, 0x00000000eac00000, 0x0000000100000000)
  eden space 107008K, 100% used [0x00000000e0000000,0x00000000e6880000,0x00000000e6880000)
  from space 11776K, 0% used [0x00000000e6880000,0x00000000e6880000,0x00000000e7400000)
  to   space 12800K, 0% used [0x00000000e9f80000,0x00000000e9f80000,0x00000000eac00000)
 ParOldGen       total 87552K, used 17662K [0x00000000a0000000, 0x00000000a5580000, 0x00000000e0000000)
  object space 87552K, 20% used [0x00000000a0000000,0x00000000a113fb48,0x00000000a5580000)
 Metaspace       used 45124K, capacity 46224K, committed 46464K, reserved 1089536K
  class space    used 6199K, capacity 6480K, committed 6528K, reserved 1048576K
Event: 8.919 GC heap after
Heap after GC invocations=12 (full 2):
 PSYoungGen      total 148992K, used 12785K [0x00000000e0000000, 0x00000000eac00000, 0x0000000100000000)
  eden space 136192K, 0% used [0x00000000e0000000,0x00000000e0000000,0x00000000e8500000)
  from space 12800K, 99% used [0x00000000e9f80000,0x00000000eabfc640,0x00000000eac00000)
  to   space 14848K, 0% used [0x00000000e8f00000,0x00000000e8f00000,0x00000000e9d80000)
 ParOldGen       total 87552K, used 19962K [0x00000000a0000000, 0x00000000a5580000, 0x00000000e0000000)
  object space 87552K, 22% used [0x00000000a0000000,0x00000000a137e820,0x00000000a5580000)
 Metaspace       used 45124K, capacity 46224K, committed 46464K, reserved 1089536K
  class space    used 6199K, capacity 6480K, committed 6528K, reserved 1048576K
}
Event: 10.876 GC heap before
{Heap before GC invocations=13 (full 2):
 PSYoungGen      total 148992K, used 148977K [0x00000000e0000000, 0x00000000eac00000, 0x0000000100000000)
  eden space 136192K, 100% used [0x00000000e0000000,0x00000000e8500000,0x00000000e8500000)
  from space 12800K, 99% used [0x00000000e9f80000,0x00000000eabfc640,0x00000000eac00000)
  to   space 14848K, 0% used [0x00000000e8f00000,0x00000000e8f00000,0x00000000e9d80000)
 ParOldGen       total 87552K, used 19962K [0x00000000a0000000, 0x00000000a5580000, 0x00000000e0000000)
  object space 87552K, 22% used [0x00000000a0000000,0x00000000a137e820,0x00000000a5580000)
 Metaspace       used 53963K, capacity 55686K, committed 55808K, reserved 1097728K
  class space    used 7559K, capacity 7935K, committed 7936K, reserved 1048576K
Event: 10.901 GC heap after
Heap after GC invocations=13 (full 2):
 PSYoungGen      total 161280K, used 14838K [0x00000000e0000000, 0x00000000ecd80000, 0x0000000100000000)
  eden space 146432K, 0% used [0x00000000e0000000,0x00000000e0000000,0x00000000e8f00000)
  from space 14848K, 99% used [0x00000000e8f00000,0x00000000e9d7da38,0x00000000e9d80000)
  to   space 18944K, 0% used [0x00000000ebb00000,0x00000000ebb00000,0x00000000ecd80000)
 ParOldGen       total 87552K, used 26497K [0x00000000a0000000, 0x00000000a5580000, 0x00000000e0000000)
  object space 87552K, 30% used [0x00000000a0000000,0x00000000a19e0660,0x00000000a5580000)
 Metaspace       used 53963K, capacity 55686K, committed 55808K, reserved 1097728K
  class space    used 7559K, capacity 7935K, committed 7936K, reserved 1048576K
}
Event: 11.658 GC heap before
{Heap before GC invocations=14 (full 2):
 PSYoungGen      total 161280K, used 78412K [0x00000000e0000000, 0x00000000ecd80000, 0x0000000100000000)
  eden space 146432K, 43% used [0x00000000e0000000,0x00000000e3e156c8,0x00000000e8f00000)
  from space 14848K, 99% used [0x00000000e8f00000,0x00000000e9d7da38,0x00000000e9d80000)
  to   space 18944K, 0% used [0x00000000ebb00000,0x00000000ebb00000,0x00000000ecd80000)
 ParOldGen       total 87552K, used 26497K [0x00000000a0000000, 0x00000000a5580000, 0x00000000e0000000)
  object space 87552K, 30% used [0x00000000a0000000,0x00000000a19e0660,0x00000000a5580000)
 Metaspace       used 57166K, capacity 58906K, committed 59008K, reserved 1099776K
  class space    used 8077K, capacity 8523K, committed 8576K, reserved 1048576K
Event: 11.678 GC heap after
Heap after GC invocations=14 (full 2):
 PSYoungGen      total 191488K, used 5840K [0x00000000e0000000, 0x00000000ede80000, 0x0000000100000000)
  eden space 172544K, 0% used [0x00000000e0000000,0x00000000e0000000,0x00000000ea880000)
  from space 18944K, 30% used [0x00000000ebb00000,0x00000000ec0b4128,0x00000000ecd80000)
  to   space 18944K, 0% used [0x00000000ea880000,0x00000000ea880000,0x00000000ebb00000)
 ParOldGen       total 87552K, used 35833K [0x00000000a0000000, 0x00000000a5580000, 0x00000000e0000000)
  object space 87552K, 40% used [0x00000000a0000000,0x00000000a22fe5d8,0x00000000a5580000)
 Metaspace       used 57166K, capacity 58906K, committed 59008K, reserved 1099776K
  class space    used 8077K, capacity 8523K, committed 8576K, reserved 1048576K
}
Event: 11.678 GC heap before
{Heap before GC invocations=15 (full 3):
 PSYoungGen      total 191488K, used 5840K [0x00000000e0000000, 0x00000000ede80000, 0x0000000100000000)
  eden space 172544K, 0% used [0x00000000e0000000,0x00000000e0000000,0x00000000ea880000)
  from space 18944K, 30% used [0x00000000ebb00000,0x00000000ec0b4128,0x00000000ecd80000)
  to   space 18944K, 0% used [0x00000000ea880000,0x00000000ea880000,0x00000000ebb00000)
 ParOldGen       total 87552K, used 35833K [0x00000000a0000000, 0x00000000a5580000, 0x00000000e0000000)
  object space 87552K, 40% used [0x00000000a0000000,0x00000000a22fe5d8,0x00000000a5580000)
 Metaspace       used 57166K, capacity 58906K, committed 59008K, reserved 1099776K
  class space    used 8077K, capacity 8523K, committed 8576K, reserved 1048576K
Event: 11.958 GC heap after
Heap after GC invocations=15 (full 3):
 PSYoungGen      total 191488K, used 0K [0x00000000e0000000, 0x00000000ede80000, 0x0000000100000000)
  eden space 172544K, 0% used [0x00000000e0000000,0x00000000e0000000,0x00000000ea880000)
  from space 18944K, 0% used [0x00000000ebb00000,0x00000000ebb00000,0x00000000ecd80000)
  to   space 18944K, 0% used [0x00000000ea880000,0x00000000ea880000,0x00000000ebb00000)
 ParOldGen       total 87552K, used 35592K [0x00000000a0000000, 0x00000000a5580000, 0x00000000e0000000)
  object space 87552K, 40% used [0x00000000a0000000,0x00000000a22c2088,0x00000000a5580000)
 Metaspace       used 57166K, capacity 58906K, committed 59008K, reserved 1099776K
  class space    used 8077K, capacity 8523K, committed 8576K, reserved 1048576K
}
Event: 14.943 GC heap before
{Heap before GC invocations=16 (full 3):
 PSYoungGen      total 191488K, used 172544K [0x00000000e0000000, 0x00000000ede80000, 0x0000000100000000)
  eden space 172544K, 100% used [0x00000000e0000000,0x00000000ea880000,0x00000000ea880000)
  from space 18944K, 0% used [0x00000000ebb00000,0x00000000ebb00000,0x00000000ecd80000)
  to   space 18944K, 0% used [0x00000000ea880000,0x00000000ea880000,0x00000000ebb00000)
 ParOldGen       total 87552K, used 35592K [0x00000000a0000000, 0x00000000a5580000, 0x00000000e0000000)
  object space 87552K, 40% used [0x00000000a0000000,0x00000000a22c2088,0x00000000a5580000)
 Metaspace       used 62411K, capacity 64612K, committed 64640K, reserved 1103872K
  class space    used 8842K, capacity 9316K, committed 9344K, reserved 1048576K
Event: 14.972 GC heap after
Heap after GC invocations=16 (full 3):
 PSYoungGen      total 191488K, used 16983K [0x00000000e0000000, 0x00000000ede80000, 0x0000000100000000)
  eden space 172544K, 0% used [0x00000000e0000000,0x00000000e0000000,0x00000000ea880000)
  from space 18944K, 89% used [0x00000000ea880000,0x00000000eb915ed8,0x00000000ebb00000)
  to   space 18944K, 0% used [0x00000000ebb00000,0x00000000ebb00000,0x00000000ecd80000)
 ParOldGen       total 87552K, used 35664K [0x00000000a0000000, 0x00000000a5580000, 0x00000000e0000000)
  object space 87552K, 40% used [0x00000000a0000000,0x00000000a22d4098,0x00000000a5580000)
 Metaspace       used 62411K, capacity 64612K, committed 64640K, reserved 1103872K
  class space    used 8842K, capacity 9316K, committed 9344K, reserved 1048576K
}

