# JRE version: Java(TM) SE Runtime Environment (8.0_181-b13) (build 1.8.0_181-b13)
# Java VM: Java HotSpot(TM) 64-Bit Server VM (25.181-b13 mixed mode windows-amd64 compressed oops)
Heap:
 PSYoungGen      total 120832K, used 67780K [0x00000000e0000000, 0x00000000eac80000, 0x0000000100000000)
  eden space 109056K, 62% used [0x00000000e0000000,0x00000000e42310c8,0x00000000e6a80000)
  from space 11776K, 0% used [0x00000000e6a80000,0x00000000e6a80000,0x00000000e7600000)
  to   space 12800K, 0% used [0x00000000ea000000,0x00000000ea000000,0x00000000eac80000)
 ParOldGen       total 84480K, used 17847K [0x00000000a0000000, 0x00000000a5280000, 0x00000000e0000000)
  object space 84480K, 21% used [0x00000000a0000000,0x00000000a116dea8,0x00000000a5280000)
 Metaspace       used 42884K, capacity 43934K, committed 44160K, reserved 1087488K
  class space    used 5924K, capacity 6151K, committed 6272K, reserved 1048576K
GC Heap History (10 events):
Event: 3.958 GC heap before
{Heap before GC invocations=7 (full 1):
 PSYoungGen      total 75776K, used 8906K [0x00000000e0000000, 0x00000000e5600000, 0x0000000100000000)
  eden space 65024K, 0% used [0x00000000e0000000,0x00000000e0000000,0x00000000e3f80000)
  from space 10752K, 82% used [0x00000000e4a80000,0x00000000e53328b8,0x00000000e5500000)
  to   space 11264K, 0% used [0x00000000e3f80000,0x00000000e3f80000,0x00000000e4a80000)
 ParOldGen       total 86016K, used 7693K [0x00000000a0000000, 0x00000000a5400000, 0x00000000e0000000)
  object space 86016K, 8% used [0x00000000a0000000,0x00000000a07834f8,0x00000000a5400000)
 Metaspace       used 20530K, capacity 21086K, committed 21248K, reserved 1067008K
  class space    used 3028K, capacity 3229K, committed 3328K, reserved 1048576K
Event: 3.990 GC heap after
Heap after GC invocations=7 (full 1):
 PSYoungGen      total 75776K, used 0K [0x00000000e0000000, 0x00000000e5600000, 0x0000000100000000)
  eden space 65024K, 0% used [0x00000000e0000000,0x00000000e0000000,0x00000000e3f80000)
  from space 10752K, 0% used [0x00000000e4a80000,0x00000000e4a80000,0x00000000e5500000)
  to   space 11264K, 0% used [0x00000000e3f80000,0x00000000e3f80000,0x00000000e4a80000)
 ParOldGen       total 57344K, used 9656K [0x00000000a0000000, 0x00000000a3800000, 0x00000000e0000000)
  object space 57344K, 16% used [0x00000000a0000000,0x00000000a096e328,0x00000000a3800000)
 Metaspace       used 20530K, capacity 21086K, committed 21248K, reserved 1067008K
  class space    used 3028K, capacity 3229K, committed 3328K, reserved 1048576K
}
Event: 5.322 GC heap before
{Heap before GC invocations=8 (full 1):
 PSYoungGen      total 75776K, used 65024K [0x00000000e0000000, 0x00000000e5600000, 0x0000000100000000)
  eden space 65024K, 100% used [0x00000000e0000000,0x00000000e3f80000,0x00000000e3f80000)
  from space 10752K, 0% used [0x00000000e4a80000,0x00000000e4a80000,0x00000000e5500000)
  to   space 11264K, 0% used [0x00000000e3f80000,0x00000000e3f80000,0x00000000e4a80000)
 ParOldGen       total 57344K, used 9656K [0x00000000a0000000, 0x00000000a3800000, 0x00000000e0000000)
  object space 57344K, 16% used [0x00000000a0000000,0x00000000a096e328,0x00000000a3800000)
 Metaspace       used 29036K, capacity 29628K, committed 29824K, reserved 1075200K
  class space    used 4002K, capacity 4195K, committed 4224K, reserved 1048576K
Event: 5.337 GC heap after
Heap after GC invocations=8 (full 1):
 PSYoungGen      total 76288K, used 8262K [0x00000000e0000000, 0x00000000e8180000, 0x0000000100000000)
  eden space 65024K, 0% used [0x00000000e0000000,0x00000000e0000000,0x00000000e3f80000)
  from space 11264K, 73% used [0x00000000e3f80000,0x00000000e4791ba0,0x00000000e4a80000)
  to   space 11776K, 0% used [0x00000000e7600000,0x00000000e7600000,0x00000000e8180000)
 ParOldGen       total 57344K, used 9664K [0x00000000a0000000, 0x00000000a3800000, 0x00000000e0000000)
  object space 57344K, 16% used [0x00000000a0000000,0x00000000a0970328,0x00000000a3800000)
 Metaspace       used 29036K, capacity 29628K, committed 29824K, reserved 1075200K
  class space    used 4002K, capacity 4195K, committed 4224K, reserved 1048576K
}
Event: 6.006 GC heap before
{Heap before GC invocations=9 (full 1):
 PSYoungGen      total 76288K, used 73286K [0x00000000e0000000, 0x00000000e8180000, 0x0000000100000000)
  eden space 65024K, 100% used [0x00000000e0000000,0x00000000e3f80000,0x00000000e3f80000)
  from space 11264K, 73% used [0x00000000e3f80000,0x00000000e4791ba0,0x00000000e4a80000)
  to   space 11776K, 0% used [0x00000000e7600000,0x00000000e7600000,0x00000000e8180000)
 ParOldGen       total 57344K, used 9664K [0x00000000a0000000, 0x00000000a3800000, 0x00000000e0000000)
  object space 57344K, 16% used [0x00000000a0000000,0x00000000a0970328,0x00000000a3800000)
 Metaspace       used 31902K, capacity 32512K, committed 32640K, reserved 1077248K
  class space    used 4478K, capacity 4687K, committed 4736K, reserved 1048576K
Event: 6.016 GC heap after
Heap after GC invocations=9 (full 1):
 PSYoungGen      total 120832K, used 8372K [0x00000000e0000000, 0x00000000e8180000, 0x0000000100000000)
  eden space 109056K, 0% used [0x00000000e0000000,0x00000000e0000000,0x00000000e6a80000)
  from space 11776K, 71% used [0x00000000e7600000,0x00000000e7e2d328,0x00000000e8180000)
  to   space 11776K, 0% used [0x00000000e6a80000,0x00000000e6a80000,0x00000000e7600000)
 ParOldGen       total 57344K, used 9672K [0x00000000a0000000, 0x00000000a3800000, 0x00000000e0000000)
  object space 57344K, 16% used [0x00000000a0000000,0x00000000a0972328,0x00000000a3800000)
 Metaspace       used 31902K, capacity 32512K, committed 32640K, reserved 1077248K
  class space    used 4478K, capacity 4687K, committed 4736K, reserved 1048576K
}
Event: 7.278 GC heap before
{Heap before GC invocations=10 (full 1):
 PSYoungGen      total 120832K, used 75898K [0x00000000e0000000, 0x00000000e8180000, 0x0000000100000000)
  eden space 109056K, 61% used [0x00000000e0000000,0x00000000e41f17f0,0x00000000e6a80000)
  from space 11776K, 71% used [0x00000000e7600000,0x00000000e7e2d328,0x00000000e8180000)
  to   space 11776K, 0% used [0x00000000e6a80000,0x00000000e6a80000,0x00000000e7600000)
 ParOldGen       total 57344K, used 9672K [0x00000000a0000000, 0x00000000a3800000, 0x00000000e0000000)
  object space 57344K, 16% used [0x00000000a0000000,0x00000000a0972328,0x00000000a3800000)
 Metaspace       used 34606K, capacity 35368K, committed 35416K, reserved 1079296K
  class space    used 4857K, capacity 5089K, committed 5120K, reserved 1048576K
Event: 7.288 GC heap after
Heap after GC invocations=10 (full 1):
 PSYoungGen      total 120832K, used 10903K [0x00000000e0000000, 0x00000000eac80000, 0x0000000100000000)
  eden space 109056K, 0% used [0x00000000e0000000,0x00000000e0000000,0x00000000e6a80000)
  from space 11776K, 92% used [0x00000000e6a80000,0x00000000e7525d88,0x00000000e7600000)
  to   space 12800K, 0% used [0x00000000ea000000,0x00000000ea000000,0x00000000eac80000)
 ParOldGen       total 57344K, used 9680K [0x00000000a0000000, 0x00000000a3800000, 0x00000000e0000000)
  object space 57344K, 16% used [0x00000000a0000000,0x00000000a0974328,0x00000000a3800000)
 Metaspace       used 34606K, capacity 35368K, committed 35416K, reserved 1079296K
  class space    used 4857K, capacity 5089K, committed 5120K, reserved 1048576K
}
Event: 7.288 GC heap before
{Heap before GC invocations=11 (full 2):
 PSYoungGen      total 120832K, used 10903K [0x00000000e0000000, 0x00000000eac80000, 0x0000000100000000)
  eden space 109056K, 0% used [0x00000000e0000000,0x00000000e0000000,0x00000000e6a80000)
  from space 11776K, 92% used [0x00000000e6a80000,0x00000000e7525d88,0x00000000e7600000)
  to   space 12800K, 0% used [0x00000000ea000000,0x00000000ea000000,0x00000000eac80000)
 ParOldGen       total 57344K, used 9680K [0x00000000a0000000, 0x00000000a3800000, 0x00000000e0000000)
  object space 57344K, 16% used [0x00000000a0000000,0x00000000a0974328,0x00000000a3800000)
 Metaspace       used 34606K, capacity 35368K, committed 35416K, reserved 1079296K
  class space    used 4857K, capacity 5089K, committed 5120K, reserved 1048576K
Event: 7.337 GC heap after
Heap after GC invocations=11 (full 2):
 PSYoungGen      total 120832K, used 0K [0x00000000e0000000, 0x00000000eac80000, 0x0000000100000000)
  eden space 109056K, 0% used [0x00000000e0000000,0x00000000e0000000,0x00000000e6a80000)
  from space 11776K, 0% used [0x00000000e6a80000,0x00000000e6a80000,0x00000000e7600000)
  to   space 12800K, 0% used [0x00000000ea000000,0x00000000ea000000,0x00000000eac80000)
 ParOldGen       total 84480K, used 17847K [0x00000000a0000000, 0x00000000a5280000, 0x00000000e0000000)
  object space 84480K, 21% used [0x00000000a0000000,0x00000000a116dea8,0x00000000a5280000)
 Metaspace       used 34603K, capacity 35356K, committed 35416K, reserved 1079296K
  class space    used 4856K, capacity 5087K, committed 5120K, reserved 1048576K
}

